2023-05-23T05:21:29+00:00 DEBUG tt4b_product_sync: missing access token for tt4b_product_sync
2023-05-23T05:35:52+00:00 DEBUG tt4b_product_sync: missing access token for tt4b_product_sync
2023-05-23T05:37:51+00:00 DEBUG tt4b_product_sync: missing access token for tt4b_product_sync
2023-05-23T05:39:51+00:00 DEBUG tt4b_product_sync: missing access token for tt4b_product_sync
2023-05-23T05:40:45+00:00 DEBUG tt4b_product_sync: missing access token for tt4b_product_sync
2023-05-23T05:41:27+00:00 DEBUG tt4b_product_sync: missing access token for tt4b_product_sync
2023-05-23T05:41:27+00:00 DEBUG tt4b_product_delete: missing access token for tt4b_product_sync
2023-05-23T05:42:57+00:00 DEBUG tt4b_product_sync: missing access token for tt4b_product_sync
2023-05-23T05:42:57+00:00 DEBUG tt4b_product_delete: missing access token for tt4b_product_sync
2023-05-23T05:43:19+00:00 DEBUG tt4b_product_sync: missing access token for tt4b_product_sync
2023-05-23T05:43:19+00:00 DEBUG tt4b_product_delete: missing access token for tt4b_product_sync
2023-05-23T05:43:45+00:00 DEBUG tt4b_product_sync: missing access token for tt4b_product_sync
2023-05-23T05:43:45+00:00 DEBUG tt4b_product_delete: missing access token for tt4b_product_sync
2023-05-23T05:43:48+00:00 DEBUG Tt4b_Pixel_Class::inject_view_content_event: hit injectViewContentEvent
2023-05-23T05:43:48+00:00 DEBUG Tt4b_Pixel_Class::inject_view_content_event: Missing option "access_token"
2023-05-23T05:44:05+00:00 DEBUG tt4b_product_sync: missing access token for tt4b_product_sync
2023-05-23T05:44:05+00:00 DEBUG tt4b_product_delete: missing access token for tt4b_product_sync
2023-05-23T05:44:25+00:00 DEBUG tt4b_product_sync: missing access token for tt4b_product_sync
2023-05-23T05:44:25+00:00 DEBUG tt4b_product_delete: missing access token for tt4b_product_sync
2023-05-23T05:44:41+00:00 DEBUG tt4b_product_sync: missing access token for tt4b_product_sync
2023-05-23T05:44:42+00:00 DEBUG tt4b_product_delete: missing access token for tt4b_product_sync
2023-05-23T05:46:01+00:00 DEBUG Tt4b_Pixel_Class::inject_view_content_event: hit injectViewContentEvent
2023-05-23T05:46:01+00:00 DEBUG Tt4b_Pixel_Class::inject_view_content_event: Missing option "access_token"
2023-05-23T06:26:53+00:00 DEBUG Tt4b_Pixel_Class::inject_view_content_event: hit injectViewContentEvent
2023-05-23T06:26:53+00:00 DEBUG Tt4b_Pixel_Class::inject_view_content_event: Missing option "access_token"
2023-05-23T06:27:09+00:00 DEBUG Tt4b_Pixel_Class::inject_view_content_event: hit injectViewContentEvent
2023-05-23T06:27:09+00:00 DEBUG Tt4b_Pixel_Class::inject_view_content_event: Missing option "access_token"
2023-05-23T06:27:17+00:00 DEBUG Tt4b_Pixel_Class::inject_view_content_event: hit injectViewContentEvent
2023-05-23T06:27:17+00:00 DEBUG Tt4b_Pixel_Class::inject_view_content_event: Missing option "access_token"
2023-05-23T08:10:31+00:00 DEBUG Tt4b_Pixel_Class::inject_view_content_event: hit injectViewContentEvent
2023-05-23T08:10:31+00:00 DEBUG Tt4b_Pixel_Class::inject_view_content_event: Missing option "access_token"
2023-05-23T08:59:33+00:00 DEBUG Tt4b_Pixel_Class::inject_view_content_event: hit injectViewContentEvent
2023-05-23T08:59:33+00:00 DEBUG Tt4b_Pixel_Class::inject_view_content_event: Missing option "access_token"
2023-05-23T09:00:23+00:00 DEBUG Tt4b_Pixel_Class::inject_view_content_event: hit injectViewContentEvent
2023-05-23T09:00:23+00:00 DEBUG Tt4b_Pixel_Class::inject_view_content_event: Missing option "access_token"
2023-05-23T09:04:28+00:00 DEBUG Tt4b_Pixel_Class::inject_view_content_event: hit injectViewContentEvent
2023-05-23T09:04:28+00:00 DEBUG Tt4b_Pixel_Class::inject_view_content_event: Missing option "access_token"
2023-05-23T09:07:54+00:00 DEBUG Tt4b_Pixel_Class::inject_view_content_event: hit injectViewContentEvent
2023-05-23T09:07:54+00:00 DEBUG Tt4b_Pixel_Class::inject_view_content_event: Missing option "access_token"
2023-05-23T09:09:42+00:00 DEBUG Tt4b_Pixel_Class::inject_view_content_event: hit injectViewContentEvent
2023-05-23T09:09:42+00:00 DEBUG Tt4b_Pixel_Class::inject_view_content_event: Missing option "access_token"
2023-05-23T09:44:32+00:00 DEBUG Tt4b_Pixel_Class::inject_view_content_event: hit injectViewContentEvent
2023-05-23T09:44:32+00:00 DEBUG Tt4b_Pixel_Class::inject_view_content_event: Missing option "access_token"
2023-05-23T10:11:50+00:00 DEBUG tt4b_product_sync: missing access token for tt4b_product_sync
2023-05-23T10:14:52+00:00 DEBUG tt4b_product_sync: missing access token for tt4b_product_sync
2023-05-23T10:16:49+00:00 DEBUG tt4b_product_sync: missing access token for tt4b_product_sync
2023-05-23T10:17:48+00:00 DEBUG tt4b_product_sync: missing access token for tt4b_product_sync
2023-05-23T10:17:56+00:00 DEBUG tt4b_product_sync: missing access token for tt4b_product_sync
2023-05-23T10:17:58+00:00 DEBUG Tt4b_Pixel_Class::inject_view_content_event: hit injectViewContentEvent
2023-05-23T10:17:58+00:00 DEBUG Tt4b_Pixel_Class::inject_view_content_event: Missing option "access_token"
2023-05-23T10:18:50+00:00 DEBUG Tt4b_Pixel_Class::inject_add_to_cart_event: hit injectAddToCartEvent
2023-05-23T10:18:50+00:00 DEBUG Tt4b_Pixel_Class::inject_add_to_cart_event: Missing option "access_token"
2023-05-23T10:20:13+00:00 DEBUG tt4b_product_sync: missing access token for tt4b_product_sync
2023-05-23T10:21:38+00:00 DEBUG tt4b_product_sync: missing access token for tt4b_product_sync
2023-05-23T10:21:58+00:00 DEBUG Tt4b_Pixel_Class::inject_view_content_event: hit injectViewContentEvent
2023-05-23T10:21:58+00:00 DEBUG Tt4b_Pixel_Class::inject_view_content_event: Missing option "access_token"
2023-05-23T10:22:45+00:00 DEBUG tt4b_product_sync: missing access token for tt4b_product_sync
2023-05-23T10:25:36+00:00 DEBUG tt4b_product_sync: missing access token for tt4b_product_sync
2023-05-23T10:25:59+00:00 DEBUG Tt4b_Pixel_Class::inject_view_content_event: hit injectViewContentEvent
2023-05-23T10:25:59+00:00 DEBUG Tt4b_Pixel_Class::inject_view_content_event: Missing option "access_token"
2023-05-23T10:26:12+00:00 DEBUG Tt4b_Pixel_Class::inject_view_content_event: hit injectViewContentEvent
2023-05-23T10:26:12+00:00 DEBUG Tt4b_Pixel_Class::inject_view_content_event: Missing option "access_token"
2023-05-23T10:26:42+00:00 DEBUG tt4b_product_sync: missing access token for tt4b_product_sync
2023-05-23T10:27:02+00:00 DEBUG Tt4b_Pixel_Class::inject_add_to_cart_event: hit injectAddToCartEvent
2023-05-23T10:27:02+00:00 DEBUG Tt4b_Pixel_Class::inject_add_to_cart_event: Missing option "access_token"
2023-05-23T10:27:05+00:00 DEBUG tt4b_product_sync: missing access token for tt4b_product_sync
2023-05-23T10:29:32+00:00 DEBUG tt4b_product_sync: missing access token for tt4b_product_sync
2023-05-23T10:30:27+00:00 DEBUG tt4b_product_sync: missing access token for tt4b_product_sync
2023-05-23T10:31:04+00:00 DEBUG Tt4b_Pixel_Class::inject_view_content_event: hit injectViewContentEvent
2023-05-23T10:31:04+00:00 DEBUG Tt4b_Pixel_Class::inject_view_content_event: Missing option "access_token"
2023-05-23T10:31:42+00:00 DEBUG tt4b_product_sync: missing access token for tt4b_product_sync
2023-05-23T10:32:03+00:00 DEBUG tt4b_product_sync: missing access token for tt4b_product_sync
2023-05-23T10:34:09+00:00 DEBUG tt4b_product_sync: missing access token for tt4b_product_sync
2023-05-23T10:35:15+00:00 DEBUG tt4b_product_sync: missing access token for tt4b_product_sync
2023-05-23T10:35:41+00:00 DEBUG Tt4b_Pixel_Class::inject_view_content_event: hit injectViewContentEvent
2023-05-23T10:35:41+00:00 DEBUG Tt4b_Pixel_Class::inject_view_content_event: Missing option "access_token"
2023-05-23T10:36:16+00:00 DEBUG tt4b_product_sync: missing access token for tt4b_product_sync
2023-05-23T10:36:56+00:00 DEBUG tt4b_product_sync: missing access token for tt4b_product_sync
2023-05-23T10:38:55+00:00 DEBUG tt4b_product_sync: missing access token for tt4b_product_sync
2023-05-23T10:39:45+00:00 DEBUG Tt4b_Pixel_Class::inject_view_content_event: hit injectViewContentEvent
2023-05-23T10:39:45+00:00 DEBUG Tt4b_Pixel_Class::inject_view_content_event: Missing option "access_token"
2023-05-23T10:40:42+00:00 DEBUG tt4b_product_sync: missing access token for tt4b_product_sync
2023-05-23T10:41:08+00:00 DEBUG tt4b_product_sync: missing access token for tt4b_product_sync
2023-05-23T10:42:26+00:00 DEBUG tt4b_product_sync: missing access token for tt4b_product_sync
